{"/home/harech/Desktop/storybook/my-app/src/App.tsx": {"path":"/home/harech/Desktop/storybook/my-app/src/App.tsx","statementMap":{"0":{"start":{"line":11,"column":2},"end":{"line":26,"column":4}}},"fnMap":{"0":{"name":"App","decl":{"start":{"line":10,"column":9},"end":{"line":10,"column":12}},"loc":{"start":{"line":10,"column":15},"end":{"line":27,"column":1}},"line":10}},"branchMap":{},"s":{"0":0},"f":{"0":0},"b":{}}
,"/home/harech/Desktop/storybook/my-app/src/index.tsx": {"path":"/home/harech/Desktop/storybook/my-app/src/index.tsx","statementMap":{"0":{"start":{"line":12,"column":0},"end":{"line":19,"column":2}}},"fnMap":{},"branchMap":{},"s":{"0":0},"f":{},"b":{}}
,"/home/harech/Desktop/storybook/my-app/src/store.tsx": {"path":"/home/harech/Desktop/storybook/my-app/src/store.tsx","statementMap":{"0":{"start":{"line":4,"column":14},"end":{"line":4,"column":35}}},"fnMap":{},"branchMap":{},"s":{"0":2},"f":{},"b":{},"_coverageSchema":"1a1c01bbd47fc00a2c39e90264f33305004495a9","hash":"5a1f533c0330ab24109e74b39e9167a07729ba33"}
,"/home/harech/Desktop/storybook/my-app/src/Theme/theme.tsx": {"path":"/home/harech/Desktop/storybook/my-app/src/Theme/theme.tsx","statementMap":{"0":{"start":{"line":75,"column":14},"end":{"line":170,"column":2}}},"fnMap":{},"branchMap":{},"s":{"0":0},"f":{},"b":{}}
,"/home/harech/Desktop/storybook/my-app/src/actions/AddToFinish.tsx": {"path":"/home/harech/Desktop/storybook/my-app/src/actions/AddToFinish.tsx","statementMap":{"0":{"start":{"line":3,"column":27},"end":{"line":7,"column":1}},"1":{"start":{"line":4,"column":2},"end":{"line":6,"column":4}},"2":{"start":{"line":8,"column":24},"end":{"line":10,"column":1}},"3":{"start":{"line":9,"column":2},"end":{"line":9,"column":37}},"4":{"start":{"line":12,"column":26},"end":{"line":14,"column":1}},"5":{"start":{"line":13,"column":2},"end":{"line":13,"column":34}}},"fnMap":{"0":{"name":"(anonymous_0)","decl":{"start":{"line":3,"column":27},"end":{"line":3,"column":28}},"loc":{"start":{"line":3,"column":33},"end":{"line":7,"column":1}},"line":3},"1":{"name":"(anonymous_1)","decl":{"start":{"line":8,"column":24},"end":{"line":8,"column":25}},"loc":{"start":{"line":8,"column":39},"end":{"line":10,"column":1}},"line":8},"2":{"name":"(anonymous_2)","decl":{"start":{"line":12,"column":26},"end":{"line":12,"column":27}},"loc":{"start":{"line":12,"column":40},"end":{"line":14,"column":1}},"line":12}},"branchMap":{},"s":{"0":1,"1":0,"2":1,"3":0,"4":1,"5":0},"f":{"0":0,"1":0,"2":0},"b":{},"_coverageSchema":"1a1c01bbd47fc00a2c39e90264f33305004495a9","hash":"40d8bc6ae0fb4586c4cf211921b4c5b0cc7c8f7e"}
,"/home/harech/Desktop/storybook/my-app/src/components/atoms/Avatar/Avatar.tsx": {"path":"/home/harech/Desktop/storybook/my-app/src/components/atoms/Avatar/Avatar.tsx","statementMap":{"0":{"start":{"line":8,"column":2},"end":{"line":15,"column":4}}},"fnMap":{"0":{"name":"AvatarC","decl":{"start":{"line":7,"column":9},"end":{"line":7,"column":16}},"loc":{"start":{"line":7,"column":42},"end":{"line":16,"column":1}},"line":7}},"branchMap":{},"s":{"0":1},"f":{"0":1},"b":{},"_coverageSchema":"1a1c01bbd47fc00a2c39e90264f33305004495a9","hash":"8e6deed500d60571f38531f6c4ec81b8a698e761"}
,"/home/harech/Desktop/storybook/my-app/src/components/atoms/Icons/iconPath.tsx": {"path":"/home/harech/Desktop/storybook/my-app/src/components/atoms/Icons/iconPath.tsx","statementMap":{"0":{"start":{"line":2,"column":17},"end":{"line":52,"column":1}}},"fnMap":{},"branchMap":{},"s":{"0":8},"f":{},"b":{},"_coverageSchema":"1a1c01bbd47fc00a2c39e90264f33305004495a9","hash":"cf7511f7aff783e7fecb0a6b07c3d838ba3ae09c"}
,"/home/harech/Desktop/storybook/my-app/src/components/atoms/Icons/iconsList.tsx": {"path":"/home/harech/Desktop/storybook/my-app/src/components/atoms/Icons/iconsList.tsx","statementMap":{"0":{"start":{"line":1,"column":26},"end":{"line":164,"column":1}},"1":{"start":{"line":166,"column":22},"end":{"line":185,"column":1}}},"fnMap":{},"branchMap":{},"s":{"0":0,"1":0},"f":{},"b":{}}
,"/home/harech/Desktop/storybook/my-app/src/components/atoms/Icons/showIcon.tsx": {"path":"/home/harech/Desktop/storybook/my-app/src/components/atoms/Icons/showIcon.tsx","statementMap":{"0":{"start":{"line":11,"column":2},"end":{"line":23,"column":4}}},"fnMap":{"0":{"name":"showIcon","decl":{"start":{"line":10,"column":9},"end":{"line":10,"column":17}},"loc":{"start":{"line":10,"column":56},"end":{"line":24,"column":1}},"line":10}},"branchMap":{},"s":{"0":131},"f":{"0":131},"b":{},"_coverageSchema":"1a1c01bbd47fc00a2c39e90264f33305004495a9","hash":"999162ddf6cd318b7045e2ac5eeff61bbcd8bf52"}
,"/home/harech/Desktop/storybook/my-app/src/components/atoms/ProgressBar/ProgressBar.tsx": {"path":"/home/harech/Desktop/storybook/my-app/src/components/atoms/ProgressBar/ProgressBar.tsx","statementMap":{"0":{"start":{"line":9,"column":20},"end":{"line":18,"column":4}},"1":{"start":{"line":20,"column":4},"end":{"line":20,"column":72}},"2":{"start":{"line":22,"column":19},"end":{"line":28,"column":4}},"3":{"start":{"line":30,"column":2},"end":{"line":34,"column":4}}},"fnMap":{"0":{"name":"ProgressBar","decl":{"start":{"line":8,"column":9},"end":{"line":8,"column":20}},"loc":{"start":{"line":8,"column":53},"end":{"line":35,"column":1}},"line":8}},"branchMap":{"0":{"loc":{"start":{"line":20,"column":4},"end":{"line":20,"column":72}},"type":"cond-expr","locations":[{"start":{"line":20,"column":50},"end":{"line":20,"column":64}},{"start":{"line":20,"column":67},"end":{"line":20,"column":72}}],"line":20},"1":{"loc":{"start":{"line":20,"column":4},"end":{"line":20,"column":47}},"type":"binary-expr","locations":[{"start":{"line":20,"column":4},"end":{"line":20,"column":26}},{"start":{"line":20,"column":30},"end":{"line":20,"column":47}}],"line":20}},"s":{"0":84,"1":84,"2":84,"3":84},"f":{"0":84},"b":{"0":[81,3],"1":[84,81]},"_coverageSchema":"1a1c01bbd47fc00a2c39e90264f33305004495a9","hash":"3c3c5ff3f7f7c5469d87f86507fe10bfd80d2def"}
,"/home/harech/Desktop/storybook/my-app/src/components/atoms/iconButton/IconButton.tsx": {"path":"/home/harech/Desktop/storybook/my-app/src/components/atoms/iconButton/IconButton.tsx","statementMap":{"0":{"start":{"line":9,"column":2},"end":{"line":9,"column":45}}},"fnMap":{"0":{"name":"IconButtonComponent","decl":{"start":{"line":8,"column":9},"end":{"line":8,"column":28}},"loc":{"start":{"line":8,"column":60},"end":{"line":10,"column":1}},"line":8}},"branchMap":{},"s":{"0":0},"f":{"0":0},"b":{}}
,"/home/harech/Desktop/storybook/my-app/src/components/atoms/logo/Logo.tsx": {"path":"/home/harech/Desktop/storybook/my-app/src/components/atoms/logo/Logo.tsx","statementMap":{"0":{"start":{"line":5,"column":13},"end":{"line":5,"column":42}},"1":{"start":{"line":8,"column":21},"end":{"line":12,"column":4}},"2":{"start":{"line":13,"column":2},"end":{"line":17,"column":4}}},"fnMap":{"0":{"name":"Logo","decl":{"start":{"line":7,"column":9},"end":{"line":7,"column":13}},"loc":{"start":{"line":7,"column":16},"end":{"line":18,"column":1}},"line":7}},"branchMap":{},"s":{"0":0,"1":0,"2":0},"f":{"0":0},"b":{}}
,"/home/harech/Desktop/storybook/my-app/src/components/molecules/AddToLib/AddToLib.tsx": {"path":"/home/harech/Desktop/storybook/my-app/src/components/molecules/AddToLib/AddToLib.tsx","statementMap":{"0":{"start":{"line":5,"column":18},"end":{"line":24,"column":1}},"1":{"start":{"line":27,"column":2},"end":{"line":34,"column":4}}},"fnMap":{"0":{"name":"AddToLib","decl":{"start":{"line":26,"column":16},"end":{"line":26,"column":24}},"loc":{"start":{"line":26,"column":27},"end":{"line":35,"column":1}},"line":26}},"branchMap":{},"s":{"0":6,"1":20},"f":{"0":20},"b":{},"_coverageSchema":"1a1c01bbd47fc00a2c39e90264f33305004495a9","hash":"fcf3329b5e42e7fa3b10513e6baedd6dc7500116"}
,"/home/harech/Desktop/storybook/my-app/src/components/molecules/BookCard/BookCard.tsx": {"path":"/home/harech/Desktop/storybook/my-app/src/components/molecules/BookCard/BookCard.tsx","statementMap":{"0":{"start":{"line":41,"column":2},"end":{"line":166,"column":4}}},"fnMap":{"0":{"name":"BookCard","decl":{"start":{"line":32,"column":9},"end":{"line":32,"column":17}},"loc":{"start":{"line":40,"column":18},"end":{"line":167,"column":1}},"line":40}},"branchMap":{"0":{"loc":{"start":{"line":115,"column":13},"end":{"line":131,"column":13}},"type":"binary-expr","locations":[{"start":{"line":115,"column":13},"end":{"line":115,"column":18}},{"start":{"line":116,"column":14},"end":{"line":130,"column":20}}],"line":115},"1":{"loc":{"start":{"line":133,"column":11},"end":{"line":150,"column":11}},"type":"binary-expr","locations":[{"start":{"line":133,"column":11},"end":{"line":133,"column":18}},{"start":{"line":134,"column":12},"end":{"line":149,"column":18}}],"line":133},"2":{"loc":{"start":{"line":151,"column":11},"end":{"line":151,"column":33}},"type":"binary-expr","locations":[{"start":{"line":151,"column":11},"end":{"line":151,"column":17}},{"start":{"line":151,"column":21},"end":{"line":151,"column":33}}],"line":151}},"s":{"0":83},"f":{"0":83},"b":{"0":[83,32],"1":[83,65],"2":[83,18]},"_coverageSchema":"1a1c01bbd47fc00a2c39e90264f33305004495a9","hash":"e488ae9eea014cc1305c9c8f849f6f1c93cd4517"}
,"/home/harech/Desktop/storybook/my-app/src/components/molecules/banner/Banner.tsx": {"path":"/home/harech/Desktop/storybook/my-app/src/components/molecules/banner/Banner.tsx","statementMap":{"0":{"start":{"line":5,"column":18},"end":{"line":5,"column":58}},"1":{"start":{"line":7,"column":25},"end":{"line":12,"column":1}},"2":{"start":{"line":15,"column":2},"end":{"line":60,"column":4}}},"fnMap":{"0":{"name":"Banner","decl":{"start":{"line":14,"column":9},"end":{"line":14,"column":15}},"loc":{"start":{"line":14,"column":18},"end":{"line":61,"column":1}},"line":14}},"branchMap":{},"s":{"0":1,"1":1,"2":2},"f":{"0":2},"b":{},"_coverageSchema":"1a1c01bbd47fc00a2c39e90264f33305004495a9","hash":"49eb8e119fb4de2b598d2c635414284e29fa067a"}
,"/home/harech/Desktop/storybook/my-app/src/components/molecules/bookInfo/BookInfo.tsx": {"path":"/home/harech/Desktop/storybook/my-app/src/components/molecules/bookInfo/BookInfo.tsx","statementMap":{"0":{"start":{"line":12,"column":18},"end":{"line":18,"column":1}},"1":{"start":{"line":27,"column":47},"end":{"line":27,"column":52}},"2":{"start":{"line":29,"column":2},"end":{"line":43,"column":4}},"3":{"start":{"line":47,"column":2},"end":{"line":50,"column":4}},"4":{"start":{"line":54,"column":28},"end":{"line":54,"column":45}},"5":{"start":{"line":56,"column":23},"end":{"line":58,"column":3}},"6":{"start":{"line":57,"column":4},"end":{"line":57,"column":23}},"7":{"start":{"line":60,"column":2},"end":{"line":137,"column":4}}},"fnMap":{"0":{"name":"TabPanel","decl":{"start":{"line":26,"column":9},"end":{"line":26,"column":17}},"loc":{"start":{"line":26,"column":40},"end":{"line":44,"column":1}},"line":26},"1":{"name":"a11yProps","decl":{"start":{"line":46,"column":9},"end":{"line":46,"column":18}},"loc":{"start":{"line":46,"column":34},"end":{"line":51,"column":1}},"line":46},"2":{"name":"BookInfo","decl":{"start":{"line":53,"column":24},"end":{"line":53,"column":32}},"loc":{"start":{"line":53,"column":35},"end":{"line":138,"column":1}},"line":53},"3":{"name":"(anonymous_3)","decl":{"start":{"line":56,"column":23},"end":{"line":56,"column":24}},"loc":{"start":{"line":56,"column":74},"end":{"line":58,"column":3}},"line":56}},"branchMap":{"0":{"loc":{"start":{"line":37,"column":7},"end":{"line":41,"column":7}},"type":"binary-expr","locations":[{"start":{"line":37,"column":7},"end":{"line":37,"column":22}},{"start":{"line":38,"column":8},"end":{"line":40,"column":14}}],"line":37}},"s":{"0":2,"1":20,"2":18,"3":18,"4":8,"5":6,"6":0,"7":6},"f":{"0":20,"1":18,"2":8,"3":0},"b":{"0":[18,6]},"_coverageSchema":"1a1c01bbd47fc00a2c39e90264f33305004495a9","hash":"b16d7e3fb015573ec5712619adac92520b11ee39"}
,"/home/harech/Desktop/storybook/my-app/src/components/molecules/expandNav/ExpandNav.tsx": {"path":"/home/harech/Desktop/storybook/my-app/src/components/molecules/expandNav/ExpandNav.tsx","statementMap":{"0":{"start":{"line":19,"column":14},"end":{"line":26,"column":1}},"1":{"start":{"line":28,"column":13},"end":{"line":34,"column":1}},"2":{"start":{"line":36,"column":23},"end":{"line":45,"column":1}},"3":{"start":{"line":47,"column":25},"end":{"line":56,"column":1}},"4":{"start":{"line":58,"column":19},"end":{"line":64,"column":1}},"5":{"start":{"line":70,"column":19},"end":{"line":79,"column":3}},"6":{"start":{"line":71,"column":31},"end":{"line":71,"column":36}},"7":{"start":{"line":72,"column":2},"end":{"line":72,"column":35}},"8":{"start":{"line":73,"column":27},"end":{"line":79,"column":1}},"9":{"start":{"line":81,"column":13},"end":{"line":85,"column":1}},"10":{"start":{"line":88,"column":26},"end":{"line":88,"column":47}},"11":{"start":{"line":89,"column":21},"end":{"line":89,"column":41}},"12":{"start":{"line":89,"column":27},"end":{"line":89,"column":41}},"13":{"start":{"line":90,"column":22},"end":{"line":90,"column":42}},"14":{"start":{"line":90,"column":28},"end":{"line":90,"column":42}},"15":{"start":{"line":92,"column":2},"end":{"line":270,"column":4}}},"fnMap":{"0":{"name":"(anonymous_0)","decl":{"start":{"line":70,"column":26},"end":{"line":70,"column":27}},"loc":{"start":{"line":70,"column":54},"end":{"line":73,"column":1}},"line":70},"1":{"name":"(anonymous_1)","decl":{"start":{"line":73,"column":3},"end":{"line":73,"column":4}},"loc":{"start":{"line":73,"column":27},"end":{"line":79,"column":1}},"line":73},"2":{"name":"ExpandNav","decl":{"start":{"line":87,"column":24},"end":{"line":87,"column":33}},"loc":{"start":{"line":87,"column":36},"end":{"line":271,"column":1}},"line":87},"3":{"name":"(anonymous_3)","decl":{"start":{"line":89,"column":21},"end":{"line":89,"column":22}},"loc":{"start":{"line":89,"column":27},"end":{"line":89,"column":41}},"line":89},"4":{"name":"(anonymous_4)","decl":{"start":{"line":90,"column":22},"end":{"line":90,"column":23}},"loc":{"start":{"line":90,"column":28},"end":{"line":90,"column":42}},"line":90}},"branchMap":{"0":{"loc":{"start":{"line":74,"column":13},"end":{"line":74,"column":56}},"type":"cond-expr","locations":[{"start":{"line":74,"column":23},"end":{"line":74,"column":37}},{"start":{"line":74,"column":40},"end":{"line":74,"column":56}}],"line":74},"1":{"loc":{"start":{"line":119,"column":7},"end":{"line":268,"column":7}},"type":"binary-expr","locations":[{"start":{"line":119,"column":7},"end":{"line":119,"column":11}},{"start":{"line":120,"column":8},"end":{"line":267,"column":14}}],"line":119}},"s":{"0":2,"1":2,"2":2,"3":2,"4":2,"5":2,"6":6,"7":4,"8":4,"9":2,"10":6,"11":4,"12":0,"13":4,"14":0,"15":4},"f":{"0":6,"1":4,"2":6,"3":0,"4":0},"b":{"0":[4,0],"1":[4,0]},"_coverageSchema":"1a1c01bbd47fc00a2c39e90264f33305004495a9","hash":"1bfb6b8d325e55522d81dddb75bb5b003b90da6d"}
,"/home/harech/Desktop/storybook/my-app/src/components/molecules/searchBar/SearchBar.tsx": {"path":"/home/harech/Desktop/storybook/my-app/src/components/molecules/searchBar/SearchBar.tsx","statementMap":{"0":{"start":{"line":7,"column":2},"end":{"line":36,"column":4}}},"fnMap":{"0":{"name":"SearchField","decl":{"start":{"line":6,"column":16},"end":{"line":6,"column":27}},"loc":{"start":{"line":6,"column":30},"end":{"line":37,"column":1}},"line":6}},"branchMap":{},"s":{"0":2},"f":{"0":2},"b":{},"_coverageSchema":"1a1c01bbd47fc00a2c39e90264f33305004495a9","hash":"33d1ca25e8b471abb9832f809478dbdcad51517f"}
,"/home/harech/Desktop/storybook/my-app/src/components/organisms/bookList/BookList.tsx": {"path":"/home/harech/Desktop/storybook/my-app/src/components/organisms/bookList/BookList.tsx","statementMap":{"0":{"start":{"line":20,"column":2},"end":{"line":32,"column":4}},"1":{"start":{"line":26,"column":14},"end":{"line":26,"column":36}}},"fnMap":{"0":{"name":"BookList","decl":{"start":{"line":10,"column":16},"end":{"line":10,"column":24}},"loc":{"start":{"line":10,"column":27},"end":{"line":33,"column":1}},"line":10},"1":{"name":"(anonymous_1)","decl":{"start":{"line":25,"column":23},"end":{"line":25,"column":24}},"loc":{"start":{"line":26,"column":14},"end":{"line":26,"column":36}},"line":26}},"branchMap":{},"s":{"0":8,"1":80},"f":{"0":8,"1":80},"b":{},"_coverageSchema":"1a1c01bbd47fc00a2c39e90264f33305004495a9","hash":"5f8dbfe6febeb4e1af3aef76dfc253f6671ff974"}
,"/home/harech/Desktop/storybook/my-app/src/components/organisms/bookState/BookState.tsx": {"path":"/home/harech/Desktop/storybook/my-app/src/components/organisms/bookState/BookState.tsx","statementMap":{"0":{"start":{"line":14,"column":18},"end":{"line":20,"column":1}},"1":{"start":{"line":29,"column":47},"end":{"line":29,"column":52}},"2":{"start":{"line":31,"column":2},"end":{"line":45,"column":4}},"3":{"start":{"line":49,"column":28},"end":{"line":49,"column":45}},"4":{"start":{"line":51,"column":23},"end":{"line":53,"column":3}},"5":{"start":{"line":52,"column":4},"end":{"line":52,"column":23}},"6":{"start":{"line":55,"column":2},"end":{"line":122,"column":4}}},"fnMap":{"0":{"name":"TabPanel","decl":{"start":{"line":28,"column":9},"end":{"line":28,"column":17}},"loc":{"start":{"line":28,"column":40},"end":{"line":46,"column":1}},"line":28},"1":{"name":"BookState","decl":{"start":{"line":48,"column":24},"end":{"line":48,"column":33}},"loc":{"start":{"line":48,"column":36},"end":{"line":123,"column":1}},"line":48},"2":{"name":"(anonymous_2)","decl":{"start":{"line":51,"column":23},"end":{"line":51,"column":24}},"loc":{"start":{"line":51,"column":74},"end":{"line":53,"column":3}},"line":51}},"branchMap":{"0":{"loc":{"start":{"line":39,"column":7},"end":{"line":43,"column":7}},"type":"binary-expr","locations":[{"start":{"line":39,"column":7},"end":{"line":39,"column":22}},{"start":{"line":40,"column":8},"end":{"line":42,"column":14}}],"line":39},"1":{"loc":{"start":{"line":114,"column":13},"end":{"line":114,"column":40}},"type":"binary-expr","locations":[{"start":{"line":114,"column":13},"end":{"line":114,"column":24}},{"start":{"line":114,"column":28},"end":{"line":114,"column":40}}],"line":114},"2":{"loc":{"start":{"line":117,"column":13},"end":{"line":117,"column":40}},"type":"binary-expr","locations":[{"start":{"line":117,"column":13},"end":{"line":117,"column":24}},{"start":{"line":117,"column":28},"end":{"line":117,"column":40}}],"line":117}},"s":{"0":1,"1":9,"2":8,"3":5,"4":4,"5":0,"6":4},"f":{"0":9,"1":5,"2":0},"b":{"0":[8,4],"1":[4,4],"2":[4,0]},"_coverageSchema":"1a1c01bbd47fc00a2c39e90264f33305004495a9","hash":"9da717748b1c20c1d45db21d9fca0f145566e4f9"}
,"/home/harech/Desktop/storybook/my-app/src/components/organisms/bookView/BookView.tsx": {"path":"/home/harech/Desktop/storybook/my-app/src/components/organisms/bookView/BookView.tsx","statementMap":{"0":{"start":{"line":18,"column":12},"end":{"line":18,"column":47}},"1":{"start":{"line":20,"column":25},"end":{"line":22,"column":1}},"2":{"start":{"line":23,"column":21},"end":{"line":34,"column":1}},"3":{"start":{"line":37,"column":19},"end":{"line":37,"column":32}},"4":{"start":{"line":38,"column":2},"end":{"line":171,"column":4}},"5":{"start":{"line":138,"column":45},"end":{"line":138,"column":68}}},"fnMap":{"0":{"name":"BookView","decl":{"start":{"line":36,"column":9},"end":{"line":36,"column":17}},"loc":{"start":{"line":36,"column":20},"end":{"line":172,"column":1}},"line":36},"1":{"name":"(anonymous_1)","decl":{"start":{"line":138,"column":39},"end":{"line":138,"column":40}},"loc":{"start":{"line":138,"column":45},"end":{"line":138,"column":68}},"line":138}},"branchMap":{},"s":{"0":1,"1":1,"2":1,"3":5,"4":4,"5":0},"f":{"0":5,"1":0},"b":{},"_coverageSchema":"1a1c01bbd47fc00a2c39e90264f33305004495a9","hash":"a77e5a095e3427c45cacb5430ce0d14d0919cde3"}
,"/home/harech/Desktop/storybook/my-app/src/components/organisms/eBooks/EBooks.tsx": {"path":"/home/harech/Desktop/storybook/my-app/src/components/organisms/eBooks/EBooks.tsx","statementMap":{"0":{"start":{"line":8,"column":2},"end":{"line":39,"column":4}},"1":{"start":{"line":33,"column":14},"end":{"line":33,"column":36}}},"fnMap":{"0":{"name":"EBooks","decl":{"start":{"line":7,"column":16},"end":{"line":7,"column":22}},"loc":{"start":{"line":7,"column":25},"end":{"line":40,"column":1}},"line":7},"1":{"name":"(anonymous_1)","decl":{"start":{"line":32,"column":23},"end":{"line":32,"column":24}},"loc":{"start":{"line":33,"column":14},"end":{"line":33,"column":36}},"line":33}},"branchMap":{},"s":{"0":3,"1":27},"f":{"0":3,"1":27},"b":{},"_coverageSchema":"1a1c01bbd47fc00a2c39e90264f33305004495a9","hash":"84556bab62e53c3d3fe05551aa092cb66e4a8a55"}
,"/home/harech/Desktop/storybook/my-app/src/components/organisms/finished/Finished.tsx": {"path":"/home/harech/Desktop/storybook/my-app/src/components/organisms/finished/Finished.tsx","statementMap":{"0":{"start":{"line":9,"column":22},"end":{"line":9,"column":79}},"1":{"start":{"line":9,"column":61},"end":{"line":9,"column":78}},"2":{"start":{"line":19,"column":2},"end":{"line":33,"column":4}}},"fnMap":{"0":{"name":"Finished","decl":{"start":{"line":8,"column":9},"end":{"line":8,"column":17}},"loc":{"start":{"line":8,"column":20},"end":{"line":34,"column":1}},"line":8},"1":{"name":"(anonymous_1)","decl":{"start":{"line":9,"column":34},"end":{"line":9,"column":35}},"loc":{"start":{"line":9,"column":61},"end":{"line":9,"column":78}},"line":9}},"branchMap":{"0":{"loc":{"start":{"line":22,"column":9},"end":{"line":30,"column":9}},"type":"binary-expr","locations":[{"start":{"line":22,"column":9},"end":{"line":22,"column":20}},{"start":{"line":23,"column":10},"end":{"line":29,"column":12}}],"line":22}},"s":{"0":3,"1":2,"2":2},"f":{"0":3,"1":2},"b":{"0":[2,2]},"_coverageSchema":"1a1c01bbd47fc00a2c39e90264f33305004495a9","hash":"5c98745dd7738ef8c5813553dcdc23c015cb53ff"}
,"/home/harech/Desktop/storybook/my-app/src/components/organisms/footer/Footer.tsx": {"path":"/home/harech/Desktop/storybook/my-app/src/components/organisms/footer/Footer.tsx","statementMap":{"0":{"start":{"line":6,"column":13},"end":{"line":6,"column":51}},"1":{"start":{"line":8,"column":32},"end":{"line":13,"column":1}},"2":{"start":{"line":16,"column":2},"end":{"line":105,"column":4}}},"fnMap":{"0":{"name":"Footer","decl":{"start":{"line":15,"column":9},"end":{"line":15,"column":15}},"loc":{"start":{"line":15,"column":18},"end":{"line":106,"column":1}},"line":15}},"branchMap":{},"s":{"0":1,"1":1,"2":2},"f":{"0":2},"b":{},"_coverageSchema":"1a1c01bbd47fc00a2c39e90264f33305004495a9","hash":"f1a8a9b681bc53d8e4e19bb4638fcb3b121e3c44"}
,"/home/harech/Desktop/storybook/my-app/src/components/organisms/header/Header.tsx": {"path":"/home/harech/Desktop/storybook/my-app/src/components/organisms/header/Header.tsx","statementMap":{"0":{"start":{"line":13,"column":12},"end":{"line":13,"column":50}},"1":{"start":{"line":16,"column":2},"end":{"line":56,"column":4}}},"fnMap":{"0":{"name":"Header","decl":{"start":{"line":15,"column":9},"end":{"line":15,"column":15}},"loc":{"start":{"line":15,"column":18},"end":{"line":57,"column":1}},"line":15}},"branchMap":{},"s":{"0":1,"1":3},"f":{"0":3},"b":{},"_coverageSchema":"1a1c01bbd47fc00a2c39e90264f33305004495a9","hash":"1afadf02ec203ebc4bcb68bf84d31aa286d6b24d"}
,"/home/harech/Desktop/storybook/my-app/src/components/pages/bookDetails/BookDetails.tsx": {"path":"/home/harech/Desktop/storybook/my-app/src/components/pages/bookDetails/BookDetails.tsx","statementMap":{"0":{"start":{"line":7,"column":2},"end":{"line":13,"column":4}}},"fnMap":{"0":{"name":"BookDetails","decl":{"start":{"line":6,"column":9},"end":{"line":6,"column":20}},"loc":{"start":{"line":6,"column":23},"end":{"line":14,"column":1}},"line":6}},"branchMap":{},"s":{"0":0},"f":{"0":0},"b":{}}
,"/home/harech/Desktop/storybook/my-app/src/components/pages/ePage/EPage.tsx": {"path":"/home/harech/Desktop/storybook/my-app/src/components/pages/ePage/EPage.tsx","statementMap":{"0":{"start":{"line":9,"column":2},"end":{"line":17,"column":4}}},"fnMap":{"0":{"name":"EPage","decl":{"start":{"line":8,"column":9},"end":{"line":8,"column":14}},"loc":{"start":{"line":8,"column":17},"end":{"line":18,"column":1}},"line":8}},"branchMap":{},"s":{"0":0},"f":{"0":0},"b":{}}
,"/home/harech/Desktop/storybook/my-app/src/components/pages/home/Home.tsx": {"path":"/home/harech/Desktop/storybook/my-app/src/components/pages/home/Home.tsx","statementMap":{"0":{"start":{"line":9,"column":2},"end":{"line":17,"column":4}}},"fnMap":{"0":{"name":"Home","decl":{"start":{"line":8,"column":9},"end":{"line":8,"column":13}},"loc":{"start":{"line":8,"column":16},"end":{"line":18,"column":1}},"line":8}},"branchMap":{},"s":{"0":0},"f":{"0":0},"b":{}}
,"/home/harech/Desktop/storybook/my-app/src/reducers/AddToFinish.tsx": {"path":"/home/harech/Desktop/storybook/my-app/src/reducers/AddToFinish.tsx","statementMap":{"0":{"start":{"line":1,"column":21},"end":{"line":1,"column":26}},"1":{"start":{"line":7,"column":20},"end":{"line":18,"column":1}},"2":{"start":{"line":8,"column":2},"end":{"line":17,"column":3}},"3":{"start":{"line":10,"column":6},"end":{"line":10,"column":20}},"4":{"start":{"line":12,"column":6},"end":{"line":14,"column":8}},"5":{"start":{"line":16,"column":6},"end":{"line":16,"column":19}}},"fnMap":{"0":{"name":"(anonymous_0)","decl":{"start":{"line":7,"column":20},"end":{"line":7,"column":21}},"loc":{"start":{"line":7,"column":69},"end":{"line":18,"column":1}},"line":7}},"branchMap":{"0":{"loc":{"start":{"line":7,"column":44},"end":{"line":7,"column":64}},"type":"default-arg","locations":[{"start":{"line":7,"column":52},"end":{"line":7,"column":64}}],"line":7},"1":{"loc":{"start":{"line":8,"column":2},"end":{"line":17,"column":3}},"type":"switch","locations":[{"start":{"line":9,"column":4},"end":{"line":10,"column":20}},{"start":{"line":11,"column":4},"end":{"line":14,"column":8}},{"start":{"line":15,"column":4},"end":{"line":16,"column":19}}],"line":8}},"s":{"0":2,"1":2,"2":6,"3":0,"4":0,"5":6},"f":{"0":6},"b":{"0":[0],"1":[0,0,6]},"_coverageSchema":"1a1c01bbd47fc00a2c39e90264f33305004495a9","hash":"484b6378f1106cda7ddf672493032e0466536139"}
,"/home/harech/Desktop/storybook/my-app/src/reducers/index.tsx": {"path":"/home/harech/Desktop/storybook/my-app/src/reducers/index.tsx","statementMap":{"0":{"start":{"line":6,"column":17},"end":{"line":8,"column":2}}},"fnMap":{},"branchMap":{},"s":{"0":2},"f":{},"b":{},"_coverageSchema":"1a1c01bbd47fc00a2c39e90264f33305004495a9","hash":"a52c64a31fe5fb8b45e2d0bbbfb7a366fd1035b2"}
,"/home/harech/Desktop/storybook/my-app/src/stories/AddToLib.stories.tsx": {"path":"/home/harech/Desktop/storybook/my-app/src/stories/AddToLib.stories.tsx","statementMap":{"0":{"start":{"line":7,"column":25},"end":{"line":7,"column":43}},"1":{"start":{"line":7,"column":31},"end":{"line":7,"column":43}}},"fnMap":{"0":{"name":"(anonymous_0)","decl":{"start":{"line":7,"column":25},"end":{"line":7,"column":26}},"loc":{"start":{"line":7,"column":31},"end":{"line":7,"column":43}},"line":7}},"branchMap":{},"s":{"0":0,"1":0},"f":{"0":0},"b":{}}
,"/home/harech/Desktop/storybook/my-app/src/stories/Avatar.stories.tsx": {"path":"/home/harech/Desktop/storybook/my-app/src/stories/Avatar.stories.tsx","statementMap":{"0":{"start":{"line":9,"column":25},"end":{"line":9,"column":53}},"1":{"start":{"line":9,"column":31},"end":{"line":9,"column":53}}},"fnMap":{"0":{"name":"(anonymous_0)","decl":{"start":{"line":9,"column":25},"end":{"line":9,"column":26}},"loc":{"start":{"line":9,"column":31},"end":{"line":9,"column":53}},"line":9}},"branchMap":{},"s":{"0":0,"1":0},"f":{"0":0},"b":{}}
,"/home/harech/Desktop/storybook/my-app/src/stories/Banner.stories.tsx": {"path":"/home/harech/Desktop/storybook/my-app/src/stories/Banner.stories.tsx","statementMap":{"0":{"start":{"line":11,"column":23},"end":{"line":11,"column":39}},"1":{"start":{"line":11,"column":29},"end":{"line":11,"column":39}}},"fnMap":{"0":{"name":"(anonymous_0)","decl":{"start":{"line":11,"column":23},"end":{"line":11,"column":24}},"loc":{"start":{"line":11,"column":29},"end":{"line":11,"column":39}},"line":11}},"branchMap":{},"s":{"0":0,"1":0},"f":{"0":0},"b":{}}
,"/home/harech/Desktop/storybook/my-app/src/stories/BookCard.stories.tsx": {"path":"/home/harech/Desktop/storybook/my-app/src/stories/BookCard.stories.tsx","statementMap":{"0":{"start":{"line":11,"column":15},"end":{"line":11,"column":58}},"1":{"start":{"line":18,"column":6},"end":{"line":20,"column":22}},"2":{"start":{"line":25,"column":50},"end":{"line":27,"column":1}},"3":{"start":{"line":26,"column":2},"end":{"line":26,"column":24}},"4":{"start":{"line":28,"column":24},"end":{"line":28,"column":41}},"5":{"start":{"line":29,"column":0},"end":{"line":37,"column":2}}},"fnMap":{"0":{"name":"(anonymous_0)","decl":{"start":{"line":17,"column":4},"end":{"line":17,"column":5}},"loc":{"start":{"line":18,"column":6},"end":{"line":20,"column":22}},"line":18},"1":{"name":"(anonymous_1)","decl":{"start":{"line":25,"column":50},"end":{"line":25,"column":51}},"loc":{"start":{"line":26,"column":2},"end":{"line":26,"column":24}},"line":26}},"branchMap":{},"s":{"0":0,"1":0,"2":0,"3":0,"4":0,"5":0},"f":{"0":0,"1":0},"b":{}}
,"/home/harech/Desktop/storybook/my-app/src/stories/BookInfo.stories.tsx": {"path":"/home/harech/Desktop/storybook/my-app/src/stories/BookInfo.stories.tsx","statementMap":{"0":{"start":{"line":11,"column":23},"end":{"line":11,"column":41}},"1":{"start":{"line":11,"column":29},"end":{"line":11,"column":41}}},"fnMap":{"0":{"name":"(anonymous_0)","decl":{"start":{"line":11,"column":23},"end":{"line":11,"column":24}},"loc":{"start":{"line":11,"column":29},"end":{"line":11,"column":41}},"line":11}},"branchMap":{},"s":{"0":0,"1":0},"f":{"0":0},"b":{}}
,"/home/harech/Desktop/storybook/my-app/src/stories/BookList.stories.tsx": {"path":"/home/harech/Desktop/storybook/my-app/src/stories/BookList.stories.tsx","statementMap":{"0":{"start":{"line":12,"column":23},"end":{"line":16,"column":1}},"1":{"start":{"line":13,"column":2},"end":{"line":15,"column":18}}},"fnMap":{"0":{"name":"(anonymous_0)","decl":{"start":{"line":12,"column":23},"end":{"line":12,"column":24}},"loc":{"start":{"line":13,"column":2},"end":{"line":15,"column":18}},"line":13}},"branchMap":{},"s":{"0":0,"1":0},"f":{"0":0},"b":{}}
,"/home/harech/Desktop/storybook/my-app/src/stories/BookState.stories.tsx": {"path":"/home/harech/Desktop/storybook/my-app/src/stories/BookState.stories.tsx","statementMap":{"0":{"start":{"line":13,"column":2},"end":{"line":17,"column":4}}},"fnMap":{"0":{"name":"BookStateDemo","decl":{"start":{"line":12,"column":16},"end":{"line":12,"column":29}},"loc":{"start":{"line":12,"column":32},"end":{"line":18,"column":1}},"line":12}},"branchMap":{},"s":{"0":0},"f":{"0":0},"b":{}}
,"/home/harech/Desktop/storybook/my-app/src/stories/BookView.stories.tsx": {"path":"/home/harech/Desktop/storybook/my-app/src/stories/BookView.stories.tsx","statementMap":{"0":{"start":{"line":11,"column":23},"end":{"line":11,"column":41}},"1":{"start":{"line":11,"column":29},"end":{"line":11,"column":41}}},"fnMap":{"0":{"name":"(anonymous_0)","decl":{"start":{"line":11,"column":23},"end":{"line":11,"column":24}},"loc":{"start":{"line":11,"column":29},"end":{"line":11,"column":41}},"line":11}},"branchMap":{},"s":{"0":0,"1":0},"f":{"0":0},"b":{}}
,"/home/harech/Desktop/storybook/my-app/src/stories/EBooks.stories.tsx": {"path":"/home/harech/Desktop/storybook/my-app/src/stories/EBooks.stories.tsx","statementMap":{"0":{"start":{"line":12,"column":23},"end":{"line":16,"column":1}},"1":{"start":{"line":13,"column":2},"end":{"line":15,"column":18}}},"fnMap":{"0":{"name":"(anonymous_0)","decl":{"start":{"line":12,"column":23},"end":{"line":12,"column":24}},"loc":{"start":{"line":13,"column":2},"end":{"line":15,"column":18}},"line":13}},"branchMap":{},"s":{"0":0,"1":0},"f":{"0":0},"b":{}}
,"/home/harech/Desktop/storybook/my-app/src/stories/Footer.stories.tsx": {"path":"/home/harech/Desktop/storybook/my-app/src/stories/Footer.stories.tsx","statementMap":{"0":{"start":{"line":13,"column":2},"end":{"line":13,"column":20}}},"fnMap":{"0":{"name":"FooterDemo","decl":{"start":{"line":12,"column":16},"end":{"line":12,"column":26}},"loc":{"start":{"line":12,"column":29},"end":{"line":14,"column":1}},"line":12}},"branchMap":{},"s":{"0":0},"f":{"0":0},"b":{}}
,"/home/harech/Desktop/storybook/my-app/src/stories/Header.stories.tsx": {"path":"/home/harech/Desktop/storybook/my-app/src/stories/Header.stories.tsx","statementMap":{"0":{"start":{"line":14,"column":26},"end":{"line":18,"column":1}},"1":{"start":{"line":15,"column":2},"end":{"line":17,"column":18}}},"fnMap":{"0":{"name":"(anonymous_0)","decl":{"start":{"line":14,"column":26},"end":{"line":14,"column":27}},"loc":{"start":{"line":15,"column":2},"end":{"line":17,"column":18}},"line":15}},"branchMap":{},"s":{"0":0,"1":0},"f":{"0":0},"b":{}}
,"/home/harech/Desktop/storybook/my-app/src/stories/IconButton.stories.tsx": {"path":"/home/harech/Desktop/storybook/my-app/src/stories/IconButton.stories.tsx","statementMap":{"0":{"start":{"line":24,"column":6},"end":{"line":26,"column":22}},"1":{"start":{"line":31,"column":52},"end":{"line":33,"column":1}},"2":{"start":{"line":32,"column":2},"end":{"line":32,"column":26}},"3":{"start":{"line":35,"column":23},"end":{"line":35,"column":40}},"4":{"start":{"line":36,"column":0},"end":{"line":45,"column":2}}},"fnMap":{"0":{"name":"(anonymous_0)","decl":{"start":{"line":23,"column":4},"end":{"line":23,"column":5}},"loc":{"start":{"line":24,"column":6},"end":{"line":26,"column":22}},"line":24},"1":{"name":"(anonymous_1)","decl":{"start":{"line":31,"column":52},"end":{"line":31,"column":53}},"loc":{"start":{"line":32,"column":2},"end":{"line":32,"column":26}},"line":32}},"branchMap":{},"s":{"0":0,"1":0,"2":0,"3":0,"4":0},"f":{"0":0,"1":0},"b":{}}
,"/home/harech/Desktop/storybook/my-app/src/stories/Icons.stories.tsx": {"path":"/home/harech/Desktop/storybook/my-app/src/stories/Icons.stories.tsx","statementMap":{"0":{"start":{"line":12,"column":2},"end":{"line":14,"column":4}},"1":{"start":{"line":17,"column":2},"end":{"line":24,"column":4}},"2":{"start":{"line":27,"column":2},"end":{"line":34,"column":4}},"3":{"start":{"line":37,"column":2},"end":{"line":44,"column":4}},"4":{"start":{"line":47,"column":2},"end":{"line":54,"column":4}},"5":{"start":{"line":57,"column":2},"end":{"line":64,"column":4}},"6":{"start":{"line":67,"column":2},"end":{"line":74,"column":4}},"7":{"start":{"line":77,"column":2},"end":{"line":84,"column":4}},"8":{"start":{"line":87,"column":2},"end":{"line":94,"column":4}},"9":{"start":{"line":97,"column":2},"end":{"line":104,"column":4}},"10":{"start":{"line":107,"column":2},"end":{"line":114,"column":4}},"11":{"start":{"line":117,"column":2},"end":{"line":124,"column":4}},"12":{"start":{"line":127,"column":2},"end":{"line":134,"column":4}},"13":{"start":{"line":137,"column":2},"end":{"line":144,"column":4}},"14":{"start":{"line":147,"column":2},"end":{"line":154,"column":4}},"15":{"start":{"line":157,"column":2},"end":{"line":164,"column":4}},"16":{"start":{"line":168,"column":2},"end":{"line":175,"column":4}},"17":{"start":{"line":178,"column":2},"end":{"line":185,"column":4}},"18":{"start":{"line":188,"column":2},"end":{"line":195,"column":4}},"19":{"start":{"line":198,"column":2},"end":{"line":205,"column":4}},"20":{"start":{"line":208,"column":2},"end":{"line":215,"column":4}},"21":{"start":{"line":218,"column":2},"end":{"line":225,"column":4}},"22":{"start":{"line":228,"column":2},"end":{"line":235,"column":4}},"23":{"start":{"line":238,"column":2},"end":{"line":245,"column":4}},"24":{"start":{"line":248,"column":2},"end":{"line":255,"column":4}}},"fnMap":{"0":{"name":"addIcon","decl":{"start":{"line":11,"column":16},"end":{"line":11,"column":23}},"loc":{"start":{"line":11,"column":26},"end":{"line":15,"column":1}},"line":11},"1":{"name":"SearchIcon","decl":{"start":{"line":16,"column":16},"end":{"line":16,"column":26}},"loc":{"start":{"line":16,"column":29},"end":{"line":25,"column":1}},"line":16},"2":{"name":"DownArrowIcon","decl":{"start":{"line":26,"column":16},"end":{"line":26,"column":29}},"loc":{"start":{"line":26,"column":32},"end":{"line":35,"column":1}},"line":26},"3":{"name":"UpArrowIcon","decl":{"start":{"line":36,"column":16},"end":{"line":36,"column":27}},"loc":{"start":{"line":36,"column":30},"end":{"line":45,"column":1}},"line":36},"4":{"name":"TimeIcon","decl":{"start":{"line":46,"column":16},"end":{"line":46,"column":24}},"loc":{"start":{"line":46,"column":27},"end":{"line":55,"column":1}},"line":46},"5":{"name":"EntrepreneurshipIcon","decl":{"start":{"line":56,"column":16},"end":{"line":56,"column":36}},"loc":{"start":{"line":56,"column":39},"end":{"line":65,"column":1}},"line":56},"6":{"name":"EconomicsIcon","decl":{"start":{"line":66,"column":16},"end":{"line":66,"column":29}},"loc":{"start":{"line":66,"column":32},"end":{"line":75,"column":1}},"line":66},"7":{"name":"CorporateCultureIcon","decl":{"start":{"line":76,"column":16},"end":{"line":76,"column":36}},"loc":{"start":{"line":76,"column":39},"end":{"line":85,"column":1}},"line":76},"8":{"name":"SexRelationIcon","decl":{"start":{"line":86,"column":16},"end":{"line":86,"column":31}},"loc":{"start":{"line":86,"column":34},"end":{"line":95,"column":1}},"line":86},"9":{"name":"PoliticsIcon","decl":{"start":{"line":96,"column":16},"end":{"line":96,"column":28}},"loc":{"start":{"line":96,"column":31},"end":{"line":105,"column":1}},"line":96},"10":{"name":"ComSkillsIcon","decl":{"start":{"line":106,"column":16},"end":{"line":106,"column":29}},"loc":{"start":{"line":106,"column":32},"end":{"line":115,"column":1}},"line":106},"11":{"name":"MotivationIcon","decl":{"start":{"line":116,"column":16},"end":{"line":116,"column":30}},"loc":{"start":{"line":116,"column":33},"end":{"line":125,"column":1}},"line":116},"12":{"name":"CareerIcon","decl":{"start":{"line":126,"column":16},"end":{"line":126,"column":26}},"loc":{"start":{"line":126,"column":29},"end":{"line":135,"column":1}},"line":126},"13":{"name":"NatureIcon","decl":{"start":{"line":136,"column":16},"end":{"line":136,"column":26}},"loc":{"start":{"line":136,"column":29},"end":{"line":145,"column":1}},"line":136},"14":{"name":"RemoveIcon","decl":{"start":{"line":146,"column":16},"end":{"line":146,"column":26}},"loc":{"start":{"line":146,"column":29},"end":{"line":155,"column":1}},"line":146},"15":{"name":"ReadAgainIcon","decl":{"start":{"line":156,"column":16},"end":{"line":156,"column":29}},"loc":{"start":{"line":156,"column":32},"end":{"line":165,"column":1}},"line":156},"16":{"name":"UnCheckedIcon","decl":{"start":{"line":167,"column":16},"end":{"line":167,"column":29}},"loc":{"start":{"line":167,"column":32},"end":{"line":176,"column":1}},"line":167},"17":{"name":"CheckedIcon","decl":{"start":{"line":177,"column":16},"end":{"line":177,"column":27}},"loc":{"start":{"line":177,"column":30},"end":{"line":186,"column":1}},"line":177},"18":{"name":"UploadIcon","decl":{"start":{"line":187,"column":16},"end":{"line":187,"column":26}},"loc":{"start":{"line":187,"column":29},"end":{"line":196,"column":1}},"line":187},"19":{"name":"EditIcon","decl":{"start":{"line":197,"column":16},"end":{"line":197,"column":24}},"loc":{"start":{"line":197,"column":27},"end":{"line":206,"column":1}},"line":197},"20":{"name":"RightIcon","decl":{"start":{"line":207,"column":16},"end":{"line":207,"column":25}},"loc":{"start":{"line":207,"column":28},"end":{"line":216,"column":1}},"line":207},"21":{"name":"PersonIcon","decl":{"start":{"line":217,"column":16},"end":{"line":217,"column":26}},"loc":{"start":{"line":217,"column":29},"end":{"line":226,"column":1}},"line":217},"22":{"name":"hospitalIcon","decl":{"start":{"line":227,"column":16},"end":{"line":227,"column":28}},"loc":{"start":{"line":227,"column":31},"end":{"line":236,"column":1}},"line":227},"23":{"name":"ScienceIcon","decl":{"start":{"line":237,"column":16},"end":{"line":237,"column":27}},"loc":{"start":{"line":237,"column":30},"end":{"line":246,"column":1}},"line":237},"24":{"name":"PsychologyIcon","decl":{"start":{"line":247,"column":16},"end":{"line":247,"column":30}},"loc":{"start":{"line":247,"column":33},"end":{"line":256,"column":1}},"line":247}},"branchMap":{},"s":{"0":0,"1":0,"2":0,"3":0,"4":0,"5":0,"6":0,"7":0,"8":0,"9":0,"10":0,"11":0,"12":0,"13":0,"14":0,"15":0,"16":0,"17":0,"18":0,"19":0,"20":0,"21":0,"22":0,"23":0,"24":0},"f":{"0":0,"1":0,"2":0,"3":0,"4":0,"5":0,"6":0,"7":0,"8":0,"9":0,"10":0,"11":0,"12":0,"13":0,"14":0,"15":0,"16":0,"17":0,"18":0,"19":0,"20":0,"21":0,"22":0,"23":0,"24":0},"b":{}}
,"/home/harech/Desktop/storybook/my-app/src/stories/SearchBar.stories.tsx": {"path":"/home/harech/Desktop/storybook/my-app/src/stories/SearchBar.stories.tsx","statementMap":{"0":{"start":{"line":13,"column":23},"end":{"line":13,"column":44}},"1":{"start":{"line":13,"column":29},"end":{"line":13,"column":44}}},"fnMap":{"0":{"name":"(anonymous_0)","decl":{"start":{"line":13,"column":23},"end":{"line":13,"column":24}},"loc":{"start":{"line":13,"column":29},"end":{"line":13,"column":44}},"line":13}},"branchMap":{},"s":{"0":0,"1":0},"f":{"0":0},"b":{}}
,"/home/harech/Desktop/storybook/my-app/src/stories/logo.stories.tsx": {"path":"/home/harech/Desktop/storybook/my-app/src/stories/logo.stories.tsx","statementMap":{"0":{"start":{"line":12,"column":25},"end":{"line":12,"column":39}},"1":{"start":{"line":12,"column":31},"end":{"line":12,"column":39}}},"fnMap":{"0":{"name":"(anonymous_0)","decl":{"start":{"line":12,"column":25},"end":{"line":12,"column":26}},"loc":{"start":{"line":12,"column":31},"end":{"line":12,"column":39}},"line":12}},"branchMap":{},"s":{"0":0,"1":0},"f":{"0":0},"b":{}}
}
