TN:
SF:src/App.tsx
FN:10,App
FNF:1
FNH:0
FNDA:0,App
DA:11,0
LF:1
LH:0
BRF:0
BRH:0
end_of_record
TN:
SF:src/index.tsx
FNF:0
FNH:0
DA:12,0
LF:1
LH:0
BRF:0
BRH:0
end_of_record
TN:
SF:src/store.tsx
FNF:0
FNH:0
DA:4,2
LF:1
LH:1
BRF:0
BRH:0
end_of_record
TN:
SF:src/Theme/theme.tsx
FNF:0
FNH:0
DA:75,0
LF:1
LH:0
BRF:0
BRH:0
end_of_record
TN:
SF:src/actions/AddToFinish.tsx
FN:3,(anonymous_0)
FN:8,(anonymous_1)
FN:12,(anonymous_2)
FNF:3
FNH:0
FNDA:0,(anonymous_0)
FNDA:0,(anonymous_1)
FNDA:0,(anonymous_2)
DA:3,1
DA:4,0
DA:8,1
DA:9,0
DA:12,1
DA:13,0
LF:6
LH:3
BRF:0
BRH:0
end_of_record
TN:
SF:src/components/atoms/Avatar/Avatar.tsx
FN:7,AvatarC
FNF:1
FNH:1
FNDA:1,AvatarC
DA:8,1
LF:1
LH:1
BRF:0
BRH:0
end_of_record
TN:
SF:src/components/atoms/Icons/iconPath.tsx
FNF:0
FNH:0
DA:2,8
LF:1
LH:1
BRF:0
BRH:0
end_of_record
TN:
SF:src/components/atoms/Icons/iconsList.tsx
FNF:0
FNH:0
DA:1,0
DA:166,0
LF:2
LH:0
BRF:0
BRH:0
end_of_record
TN:
SF:src/components/atoms/Icons/showIcon.tsx
FN:10,showIcon
FNF:1
FNH:1
FNDA:131,showIcon
DA:11,131
LF:1
LH:1
BRF:0
BRH:0
end_of_record
TN:
SF:src/components/atoms/ProgressBar/ProgressBar.tsx
FN:8,ProgressBar
FNF:1
FNH:1
FNDA:84,ProgressBar
DA:9,84
DA:20,84
DA:22,84
DA:30,84
LF:4
LH:4
BRDA:20,0,0,81
BRDA:20,0,1,3
BRDA:20,1,0,84
BRDA:20,1,1,81
BRF:4
BRH:4
end_of_record
TN:
SF:src/components/atoms/iconButton/IconButton.tsx
FN:8,IconButtonComponent
FNF:1
FNH:0
FNDA:0,IconButtonComponent
DA:9,0
LF:1
LH:0
BRF:0
BRH:0
end_of_record
TN:
SF:src/components/atoms/logo/Logo.tsx
FN:7,Logo
FNF:1
FNH:0
FNDA:0,Logo
DA:5,0
DA:8,0
DA:13,0
LF:3
LH:0
BRF:0
BRH:0
end_of_record
TN:
SF:src/components/molecules/AddToLib/AddToLib.tsx
FN:26,AddToLib
FNF:1
FNH:1
FNDA:20,AddToLib
DA:5,6
DA:27,20
LF:2
LH:2
BRF:0
BRH:0
end_of_record
TN:
SF:src/components/molecules/BookCard/BookCard.tsx
FN:32,BookCard
FNF:1
FNH:1
FNDA:83,BookCard
DA:41,83
LF:1
LH:1
BRDA:115,0,0,83
BRDA:115,0,1,32
BRDA:133,1,0,83
BRDA:133,1,1,65
BRDA:151,2,0,83
BRDA:151,2,1,18
BRF:6
BRH:6
end_of_record
TN:
SF:src/components/molecules/banner/Banner.tsx
FN:14,Banner
FNF:1
FNH:1
FNDA:2,Banner
DA:5,1
DA:7,1
DA:15,2
LF:3
LH:3
BRF:0
BRH:0
end_of_record
TN:
SF:src/components/molecules/bookInfo/BookInfo.tsx
FN:26,TabPanel
FN:46,a11yProps
FN:53,BookInfo
FN:56,(anonymous_3)
FNF:4
FNH:3
FNDA:20,TabPanel
FNDA:18,a11yProps
FNDA:8,BookInfo
FNDA:0,(anonymous_3)
DA:12,2
DA:27,20
DA:29,18
DA:47,18
DA:54,8
DA:56,6
DA:57,0
DA:60,6
LF:8
LH:7
BRDA:37,0,0,18
BRDA:37,0,1,6
BRF:2
BRH:2
end_of_record
TN:
SF:src/components/molecules/expandNav/ExpandNav.tsx
FN:70,(anonymous_0)
FN:73,(anonymous_1)
FN:87,ExpandNav
FN:89,(anonymous_3)
FN:90,(anonymous_4)
FNF:5
FNH:3
FNDA:6,(anonymous_0)
FNDA:4,(anonymous_1)
FNDA:6,ExpandNav
FNDA:0,(anonymous_3)
FNDA:0,(anonymous_4)
DA:19,2
DA:28,2
DA:36,2
DA:47,2
DA:58,2
DA:70,2
DA:71,6
DA:72,4
DA:73,4
DA:81,2
DA:88,6
DA:89,4
DA:90,4
DA:92,4
LF:14
LH:14
BRDA:74,0,0,4
BRDA:74,0,1,0
BRDA:119,1,0,4
BRDA:119,1,1,0
BRF:4
BRH:2
end_of_record
TN:
SF:src/components/molecules/searchBar/SearchBar.tsx
FN:6,SearchField
FNF:1
FNH:1
FNDA:2,SearchField
DA:7,2
LF:1
LH:1
BRF:0
BRH:0
end_of_record
TN:
SF:src/components/organisms/bookList/BookList.tsx
FN:10,BookList
FN:25,(anonymous_1)
FNF:2
FNH:2
FNDA:8,BookList
FNDA:80,(anonymous_1)
DA:20,8
DA:26,80
LF:2
LH:2
BRF:0
BRH:0
end_of_record
TN:
SF:src/components/organisms/bookState/BookState.tsx
FN:28,TabPanel
FN:48,BookState
FN:51,(anonymous_2)
FNF:3
FNH:2
FNDA:9,TabPanel
FNDA:5,BookState
FNDA:0,(anonymous_2)
DA:14,1
DA:29,9
DA:31,8
DA:49,5
DA:51,4
DA:52,0
DA:55,4
LF:7
LH:6
BRDA:39,0,0,8
BRDA:39,0,1,4
BRDA:114,1,0,4
BRDA:114,1,1,4
BRDA:117,2,0,4
BRDA:117,2,1,0
BRF:6
BRH:5
end_of_record
TN:
SF:src/components/organisms/bookView/BookView.tsx
FN:36,BookView
FN:138,(anonymous_1)
FNF:2
FNH:1
FNDA:5,BookView
FNDA:0,(anonymous_1)
DA:18,1
DA:20,1
DA:23,1
DA:37,5
DA:38,4
DA:138,0
LF:6
LH:5
BRF:0
BRH:0
end_of_record
TN:
SF:src/components/organisms/eBooks/EBooks.tsx
FN:7,EBooks
FN:32,(anonymous_1)
FNF:2
FNH:2
FNDA:3,EBooks
FNDA:27,(anonymous_1)
DA:8,3
DA:33,27
LF:2
LH:2
BRF:0
BRH:0
end_of_record
TN:
SF:src/components/organisms/finished/Finished.tsx
FN:8,Finished
FN:9,(anonymous_1)
FNF:2
FNH:2
FNDA:3,Finished
FNDA:2,(anonymous_1)
DA:9,3
DA:19,2
LF:2
LH:2
BRDA:22,0,0,2
BRDA:22,0,1,2
BRF:2
BRH:2
end_of_record
TN:
SF:src/components/organisms/footer/Footer.tsx
FN:15,Footer
FNF:1
FNH:1
FNDA:2,Footer
DA:6,1
DA:8,1
DA:16,2
LF:3
LH:3
BRF:0
BRH:0
end_of_record
TN:
SF:src/components/organisms/header/Header.tsx
FN:15,Header
FNF:1
FNH:1
FNDA:3,Header
DA:13,1
DA:16,3
LF:2
LH:2
BRF:0
BRH:0
end_of_record
TN:
SF:src/components/pages/bookDetails/BookDetails.tsx
FN:6,BookDetails
FNF:1
FNH:0
FNDA:0,BookDetails
DA:7,0
LF:1
LH:0
BRF:0
BRH:0
end_of_record
TN:
SF:src/components/pages/ePage/EPage.tsx
FN:8,EPage
FNF:1
FNH:0
FNDA:0,EPage
DA:9,0
LF:1
LH:0
BRF:0
BRH:0
end_of_record
TN:
SF:src/components/pages/home/Home.tsx
FN:8,Home
FNF:1
FNH:0
FNDA:0,Home
DA:9,0
LF:1
LH:0
BRF:0
BRH:0
end_of_record
TN:
SF:src/reducers/AddToFinish.tsx
FN:7,(anonymous_0)
FNF:1
FNH:1
FNDA:6,(anonymous_0)
DA:1,2
DA:7,2
DA:8,6
DA:10,0
DA:12,0
DA:16,6
LF:6
LH:4
BRDA:7,0,0,0
BRDA:8,1,0,0
BRDA:8,1,1,0
BRDA:8,1,2,6
BRF:4
BRH:1
end_of_record
TN:
SF:src/reducers/index.tsx
FNF:0
FNH:0
DA:6,2
LF:1
LH:1
BRF:0
BRH:0
end_of_record
TN:
SF:src/stories/AddToLib.stories.tsx
FN:7,(anonymous_0)
FNF:1
FNH:0
FNDA:0,(anonymous_0)
DA:7,0
LF:1
LH:0
BRF:0
BRH:0
end_of_record
TN:
SF:src/stories/Avatar.stories.tsx
FN:9,(anonymous_0)
FNF:1
FNH:0
FNDA:0,(anonymous_0)
DA:9,0
LF:1
LH:0
BRF:0
BRH:0
end_of_record
TN:
SF:src/stories/Banner.stories.tsx
FN:11,(anonymous_0)
FNF:1
FNH:0
FNDA:0,(anonymous_0)
DA:11,0
LF:1
LH:0
BRF:0
BRH:0
end_of_record
TN:
SF:src/stories/BookCard.stories.tsx
FN:17,(anonymous_0)
FN:25,(anonymous_1)
FNF:2
FNH:0
FNDA:0,(anonymous_0)
FNDA:0,(anonymous_1)
DA:11,0
DA:18,0
DA:25,0
DA:26,0
DA:28,0
DA:29,0
LF:6
LH:0
BRF:0
BRH:0
end_of_record
TN:
SF:src/stories/BookInfo.stories.tsx
FN:11,(anonymous_0)
FNF:1
FNH:0
FNDA:0,(anonymous_0)
DA:11,0
LF:1
LH:0
BRF:0
BRH:0
end_of_record
TN:
SF:src/stories/BookList.stories.tsx
FN:12,(anonymous_0)
FNF:1
FNH:0
FNDA:0,(anonymous_0)
DA:12,0
DA:13,0
LF:2
LH:0
BRF:0
BRH:0
end_of_record
TN:
SF:src/stories/BookState.stories.tsx
FN:12,BookStateDemo
FNF:1
FNH:0
FNDA:0,BookStateDemo
DA:13,0
LF:1
LH:0
BRF:0
BRH:0
end_of_record
TN:
SF:src/stories/BookView.stories.tsx
FN:11,(anonymous_0)
FNF:1
FNH:0
FNDA:0,(anonymous_0)
DA:11,0
LF:1
LH:0
BRF:0
BRH:0
end_of_record
TN:
SF:src/stories/EBooks.stories.tsx
FN:12,(anonymous_0)
FNF:1
FNH:0
FNDA:0,(anonymous_0)
DA:12,0
DA:13,0
LF:2
LH:0
BRF:0
BRH:0
end_of_record
TN:
SF:src/stories/Footer.stories.tsx
FN:12,FooterDemo
FNF:1
FNH:0
FNDA:0,FooterDemo
DA:13,0
LF:1
LH:0
BRF:0
BRH:0
end_of_record
TN:
SF:src/stories/Header.stories.tsx
FN:14,(anonymous_0)
FNF:1
FNH:0
FNDA:0,(anonymous_0)
DA:14,0
DA:15,0
LF:2
LH:0
BRF:0
BRH:0
end_of_record
TN:
SF:src/stories/IconButton.stories.tsx
FN:23,(anonymous_0)
FN:31,(anonymous_1)
FNF:2
FNH:0
FNDA:0,(anonymous_0)
FNDA:0,(anonymous_1)
DA:24,0
DA:31,0
DA:32,0
DA:35,0
DA:36,0
LF:5
LH:0
BRF:0
BRH:0
end_of_record
TN:
SF:src/stories/Icons.stories.tsx
FN:11,addIcon
FN:16,SearchIcon
FN:26,DownArrowIcon
FN:36,UpArrowIcon
FN:46,TimeIcon
FN:56,EntrepreneurshipIcon
FN:66,EconomicsIcon
FN:76,CorporateCultureIcon
FN:86,SexRelationIcon
FN:96,PoliticsIcon
FN:106,ComSkillsIcon
FN:116,MotivationIcon
FN:126,CareerIcon
FN:136,NatureIcon
FN:146,RemoveIcon
FN:156,ReadAgainIcon
FN:167,UnCheckedIcon
FN:177,CheckedIcon
FN:187,UploadIcon
FN:197,EditIcon
FN:207,RightIcon
FN:217,PersonIcon
FN:227,hospitalIcon
FN:237,ScienceIcon
FN:247,PsychologyIcon
FNF:25
FNH:0
FNDA:0,addIcon
FNDA:0,SearchIcon
FNDA:0,DownArrowIcon
FNDA:0,UpArrowIcon
FNDA:0,TimeIcon
FNDA:0,EntrepreneurshipIcon
FNDA:0,EconomicsIcon
FNDA:0,CorporateCultureIcon
FNDA:0,SexRelationIcon
FNDA:0,PoliticsIcon
FNDA:0,ComSkillsIcon
FNDA:0,MotivationIcon
FNDA:0,CareerIcon
FNDA:0,NatureIcon
FNDA:0,RemoveIcon
FNDA:0,ReadAgainIcon
FNDA:0,UnCheckedIcon
FNDA:0,CheckedIcon
FNDA:0,UploadIcon
FNDA:0,EditIcon
FNDA:0,RightIcon
FNDA:0,PersonIcon
FNDA:0,hospitalIcon
FNDA:0,ScienceIcon
FNDA:0,PsychologyIcon
DA:12,0
DA:17,0
DA:27,0
DA:37,0
DA:47,0
DA:57,0
DA:67,0
DA:77,0
DA:87,0
DA:97,0
DA:107,0
DA:117,0
DA:127,0
DA:137,0
DA:147,0
DA:157,0
DA:168,0
DA:178,0
DA:188,0
DA:198,0
DA:208,0
DA:218,0
DA:228,0
DA:238,0
DA:248,0
LF:25
LH:0
BRF:0
BRH:0
end_of_record
TN:
SF:src/stories/SearchBar.stories.tsx
FN:13,(anonymous_0)
FNF:1
FNH:0
FNDA:0,(anonymous_0)
DA:13,0
LF:1
LH:0
BRF:0
BRH:0
end_of_record
TN:
SF:src/stories/logo.stories.tsx
FN:12,(anonymous_0)
FNF:1
FNH:0
FNDA:0,(anonymous_0)
DA:12,0
LF:1
LH:0
BRF:0
BRH:0
end_of_record
